{"total": {"lines":{"total":121,"covered":121,"skipped":0,"pct":100},"statements":{"total":121,"covered":121,"skipped":0,"pct":100},"functions":{"total":13,"covered":13,"skipped":0,"pct":100},"branches":{"total":58,"covered":48,"skipped":0,"pct":82.75},"branchesTrue":{"total":0,"covered":0,"skipped":0,"pct":"Unknown"}}
,"/Users/renatomenezes/Desktop/Projetos/Portal-CPC/app/Backup/Backup-CPC-main/src/pages/dashboard/company/candidatesUtils.ts": {"lines":{"total":121,"covered":121,"skipped":0,"pct":100},"functions":{"total":13,"covered":13,"skipped":0,"pct":100},"statements":{"total":121,"covered":121,"skipped":0,"pct":100},"branches":{"total":58,"covered":48,"skipped":0,"pct":82.75}}
}
